-------------------------------------------------------------------------------
Test set: com.zjq.test.cases.Test01
-------------------------------------------------------------------------------
Tests run: 1, Failures: 1, Errors: 0, Skipped: 0, Time elapsed: 13.926 s <<< FAILURE! - in com.zjq.test.cases.Test01
test01(com.zjq.test.cases.Test01)  Time elapsed: 7.438 s  <<< FAILURE!
java.net.UnknownHostException: www
	at com.zjq.test.cases.Test01.test01(Test01.java:26)

