<?xml version="1.0" encoding="UTF-8"?>
<testsuite xmlns:xsi="http://www.w3.org/2001/XMLSchema-instance" xsi:noNamespaceSchemaLocation="https://maven.apache.org/surefire/maven-surefire-plugin/xsd/surefire-test-report.xsd" name="com.zjq.test.cases.Test01" time="13.926" tests="1" errors="0" skipped="0" failures="1">
  <properties>
[...]
</properties>
  <testcase name="test01" classname="com.zjq.test.cases.Test01" time="7.438">
    <failure message="www" type="java.net.UnknownHostException">java.net.UnknownHostException: www
	at com.zjq.test.cases.Test01.test01(Test01.java:26)
</failure>
    <system-out><![CDATA[{"start":1676352060000,"end":1676359260000,"pin":"15600553885_p","cls":"Y4D0|rwrxfan","from":0,"size":20,"timeType":1,"searchType":"cic"}
]]></system-out>
    <system-err><![CDATA[SLF4J: Failed to load class "org.slf4j.impl.StaticLoggerBinder".
SLF4J: Defaulting to no-operation (NOP) logger implementation
SLF4J: See http://www.slf4j.org/codes.html#StaticLoggerBinder for further details.
]]></system-err>
  </testcase>
</testsuite>